Using pre-set license
Built from '2020.3/staging' branch; Version is '2020.3.3f1 (76626098c1c4) revision 7758432'; Using compiler version '192528614'; Build Type 'Release'
OS: 'Windows 10 Home; OS build 19042.928; Version 2009; 64bit' Language: 'en' Physical Memory: 8122 MB
BatchMode: 1, IsHumanControllingUs: 0, StartBugReporterOnCrash: 0, Is64bit: 1, IsPro: 0

 COMMAND LINE ARGUMENTS:
C:\Program Files\Unity\Hub\Editor\2020.3.3f1\Editor\Unity.exe
-adb2
-batchMode
-noUpm
-name
AssetImportWorker0
-projectPath
C:/Users/Korinne/OneDrive/Documents/Cross Platform Programming/CrossPlatformProgramming1
-logFile
Logs/AssetImportWorker0.log
-srvPort
50729
Successfully changed project path to: C:/Users/Korinne/OneDrive/Documents/Cross Platform Programming/CrossPlatformProgramming1
C:/Users/Korinne/OneDrive/Documents/Cross Platform Programming/CrossPlatformProgramming1
Using Asset Import Pipeline V2.
Refreshing native plugins compatible for Editor in 38.57 ms, found 1 plugins.
Preloading 0 native plugins for Editor in 0.00 ms.
Initialize engine version: 2020.3.3f1 (76626098c1c4)
[Subsystems] Discovering subsystems at path C:/Program Files/Unity/Hub/Editor/2020.3.3f1/Editor/Data/Resources/UnitySubsystems
[Subsystems] Discovering subsystems at path C:/Users/Korinne/OneDrive/Documents/Cross Platform Programming/CrossPlatformProgramming1/Assets
GfxDevice: creating device client; threaded=0
Direct3D:
    Version:  Direct3D 11.0 [level 11.1]
    Renderer: NVIDIA GeForce GTX 1660 Ti (ID=0x2182)
    Vendor:   
    VRAM:     5991 MB
    Driver:   27.21.14.6611
Initialize mono
Mono path[0] = 'C:/Program Files/Unity/Hub/Editor/2020.3.3f1/Editor/Data/Managed'
Mono path[1] = 'C:/Program Files/Unity/Hub/Editor/2020.3.3f1/Editor/Data/MonoBleedingEdge/lib/mono/unityjit'
Mono config path = 'C:/Program Files/Unity/Hub/Editor/2020.3.3f1/Editor/Data/MonoBleedingEdge/etc'
Using monoOptions --debugger-agent=transport=dt_socket,embedding=1,server=y,suspend=n,address=127.0.0.1:56448
Begin MonoManager ReloadAssembly
Registering precompiled unity dll's ...
Register platform support module: C:/Program Files/Unity/Hub/Editor/2020.3.3f1/Editor/Data/PlaybackEngines/WindowsStandaloneSupport/UnityEditor.WindowsStandalone.Extensions.dll
Registered in 0.002889 seconds.
Native extension for WindowsStandalone target not found
Refreshing native plugins compatible for Editor in 38.24 ms, found 1 plugins.
Preloading 0 native plugins for Editor in 0.00 ms.
Invoked RoslynAnalysisRunner static constructor.
RoslynAnalysisRunner will not be running.
RoslynAnalysisRunner has terminated.
Mono: successfully reloaded assembly
- Completed reload, in  1.236 seconds
Platform modules already initialized, skipping
Registering precompiled user dll's ...
Registered in 0.001693 seconds.
Begin MonoManager ReloadAssembly
Native extension for WindowsStandalone target not found
Refreshing native plugins compatible for Editor in 38.86 ms, found 1 plugins.
Preloading 0 native plugins for Editor in 0.00 ms.
Invoked RoslynAnalysisRunner static constructor.
RoslynAnalysisRunner will not be running.
RoslynAnalysisRunner has terminated.
Mono: successfully reloaded assembly
- Completed reload, in  1.008 seconds
Platform modules already initialized, skipping
========================================================================
Worker process is ready to serve import requests
Launched and connected shader compiler UnityShaderCompiler.exe after 0.05 seconds
Refreshing native plugins compatible for Editor in 0.33 ms, found 1 plugins.
Preloading 0 native plugins for Editor in 0.00 ms.
Unloading 1808 Unused Serialized files (Serialized files now loaded: 0)
System memory in use before: 85.4 MB.
System memory in use after: 85.4 MB.

Unloading 24 unused Assets to reduce memory usage. Loaded Objects now: 2250.
Total: 2.678900 ms (FindLiveObjects: 0.263200 ms CreateObjectMapping: 0.064400 ms MarkObjects: 2.187300 ms  DeleteObjects: 0.162700 ms)

========================================================================
Received Import Request.
  path: Assets/New Folder
  artifactKey: Guid(93130e11edf0d00408112ad954b24d46) Importer(815301076,1909f56bfc062723c751e8b465ee728b)
Start importing Assets/New Folder using Guid(93130e11edf0d00408112ad954b24d46) Importer(815301076,1909f56bfc062723c751e8b465ee728b)  -> (artifact id: '070b5717fcb8b212f09cde936b368550') in 0.005654 seconds
  Import took 0.008282 seconds .

========================================================================
Received Import Request.
  Time since last request: 66.230771 seconds.
  path: Assets/Scenes/Sprites
  artifactKey: Guid(b0f429a0b64a96847aecd20257713b15) Importer(815301076,1909f56bfc062723c751e8b465ee728b)
Start importing Assets/Scenes/Sprites using Guid(b0f429a0b64a96847aecd20257713b15) Importer(815301076,1909f56bfc062723c751e8b465ee728b)  -> (artifact id: '9176a37413e4bcf54f49bcc6b270f09d') in 0.006091 seconds
  Import took 0.010552 seconds .

========================================================================
Received Import Request.
  Time since last request: 122.855897 seconds.
  path: Assets/Sprites
  artifactKey: Guid(507dfdb760829754e8d53da09670382c) Importer(815301076,1909f56bfc062723c751e8b465ee728b)
Start importing Assets/Sprites using Guid(507dfdb760829754e8d53da09670382c) Importer(815301076,1909f56bfc062723c751e8b465ee728b)  -> (artifact id: 'b63cf1d06a91d2d72ccb6ef50b4a141e') in 0.003118 seconds
  Import took 0.006728 seconds .

========================================================================
Received Import Request.
  Time since last request: 26.688420 seconds.
  path: Assets/Sprites/Player
  artifactKey: Guid(0069ce84fa7bcff4c84cd6dd3adf3be6) Importer(815301076,1909f56bfc062723c751e8b465ee728b)
Start importing Assets/Sprites/Player using Guid(0069ce84fa7bcff4c84cd6dd3adf3be6) Importer(815301076,1909f56bfc062723c751e8b465ee728b)  -> (artifact id: 'f96189981b13b55201a9bf78cab553a8') in 0.002847 seconds
  Import took 0.006560 seconds .

========================================================================
Received Import Request.
  Time since last request: 10.856316 seconds.
  path: Assets/Sprites/Enemies
  artifactKey: Guid(e60a20f0b98bea94ba98abea4e818cc6) Importer(815301076,1909f56bfc062723c751e8b465ee728b)
Start importing Assets/Sprites/Enemies using Guid(e60a20f0b98bea94ba98abea4e818cc6) Importer(815301076,1909f56bfc062723c751e8b465ee728b)  -> (artifact id: '7d2fbbc27c34d47c3fa62d01363679e4') in 0.005774 seconds
  Import took 0.010529 seconds .

========================================================================
Received Import Request.
  Time since last request: 0.003504 seconds.
  path: Assets/Sprites/Enemies
  artifactKey: Guid(e60a20f0b98bea94ba98abea4e818cc6) Importer(815301076,1909f56bfc062723c751e8b465ee728b)
Start importing Assets/Sprites/Enemies using Guid(e60a20f0b98bea94ba98abea4e818cc6) Importer(815301076,1909f56bfc062723c751e8b465ee728b)  -> (artifact id: '7d2fbbc27c34d47c3fa62d01363679e4') in 0.002457 seconds
  Import took 0.005138 seconds .

========================================================================
Received Import Request.
  Time since last request: 846.239571 seconds.
  path: Assets/Sprites/NES - Super Mario Bros 2 The Lost Levels JPN - Enemies & Bosses.png
  artifactKey: Guid(557be4ae83a02954c8dfb1982de0fa5b) Importer(815301076,1909f56bfc062723c751e8b465ee728b)
Start importing Assets/Sprites/NES - Super Mario Bros 2 The Lost Levels JPN - Enemies & Bosses.png using Guid(557be4ae83a02954c8dfb1982de0fa5b) Importer(815301076,1909f56bfc062723c751e8b465ee728b)  -> (artifact id: '4d4a9e0fb35bed756d2e062febd30a73') in 0.101793 seconds
  Import took 0.105674 seconds .

========================================================================
Received Import Request.
  Time since last request: 9.754176 seconds.
  path: Assets/Sprites/Player/NES - Super Mario Bros - Mario & Luigi.png
  artifactKey: Guid(c1c189d807d82ee4b94cc1a36a5feafb) Importer(815301076,1909f56bfc062723c751e8b465ee728b)
Start importing Assets/Sprites/Player/NES - Super Mario Bros - Mario & Luigi.png using Guid(c1c189d807d82ee4b94cc1a36a5feafb) Importer(815301076,1909f56bfc062723c751e8b465ee728b)  -> (artifact id: 'fd818500f51d0c3cc5cbca874f1ff0dd') in 0.014538 seconds
  Import took 0.017508 seconds .

========================================================================
Received Import Request.
  Time since last request: 51.632279 seconds.
  path: Assets/Sprites/New Folder
  artifactKey: Guid(5ffbe99eaa2c1a44581292186bea71f3) Importer(815301076,1909f56bfc062723c751e8b465ee728b)
Start importing Assets/Sprites/New Folder using Guid(5ffbe99eaa2c1a44581292186bea71f3) Importer(815301076,1909f56bfc062723c751e8b465ee728b)  -> (artifact id: '7a62001f3e4168401bf7413ed109cb7a') in 0.002489 seconds
  Import took 0.005470 seconds .

========================================================================
Received Import Request.
  Time since last request: 11.221843 seconds.
  path: Assets/Sprites/Misc
  artifactKey: Guid(5ffbe99eaa2c1a44581292186bea71f3) Importer(815301076,1909f56bfc062723c751e8b465ee728b)
Start importing Assets/Sprites/Misc using Guid(5ffbe99eaa2c1a44581292186bea71f3) Importer(815301076,1909f56bfc062723c751e8b465ee728b)  -> (artifact id: '732d9c6d975133f5a19cfd8a34a52ebc') in 0.003793 seconds
  Import took 0.007491 seconds .

========================================================================
Received Import Request.
  Time since last request: 111.301896 seconds.
  path: Assets/Sprites/Misc/NES - Super Mario Bros 2 The Lost Levels JPN - World 1-1.png
  artifactKey: Guid(829999b61130d9b4e836efd808af466b) Importer(815301076,1909f56bfc062723c751e8b465ee728b)
Start importing Assets/Sprites/Misc/NES - Super Mario Bros 2 The Lost Levels JPN - World 1-1.png using Guid(829999b61130d9b4e836efd808af466b) Importer(815301076,1909f56bfc062723c751e8b465ee728b)  -> (artifact id: 'c2bd109a41405c2afef5f4b5df430ff3') in 0.015012 seconds
  Import took 0.018140 seconds .

========================================================================
Received Import Request.
  Time since last request: 365.450985 seconds.
  path: Assets/Sprites/Misc/NES - Super Mario Bros 2 The Lost Levels JPN - Items Objects and NPCs.png
  artifactKey: Guid(fe6bc29cb40d6af4a9f1e516e2fdcec5) Importer(815301076,1909f56bfc062723c751e8b465ee728b)
Start importing Assets/Sprites/Misc/NES - Super Mario Bros 2 The Lost Levels JPN - Items Objects and NPCs.png using Guid(fe6bc29cb40d6af4a9f1e516e2fdcec5) Importer(815301076,1909f56bfc062723c751e8b465ee728b)  -> (artifact id: '2042891ad2745769fbaf81da2cc9cf88') in 0.016868 seconds
  Import took 0.020172 seconds .

========================================================================
Received Import Request.
  Time since last request: 128.784038 seconds.
  path: Assets/Sprites/Misc/NES - Super Mario Bros 2 The Lost Levels JPN - World 1-1.png
  artifactKey: Guid(829999b61130d9b4e836efd808af466b) Importer(815301076,1909f56bfc062723c751e8b465ee728b)
Start importing Assets/Sprites/Misc/NES - Super Mario Bros 2 The Lost Levels JPN - World 1-1.png using Guid(829999b61130d9b4e836efd808af466b) Importer(815301076,1909f56bfc062723c751e8b465ee728b)  -> (artifact id: '5842333e8dc54823a1b41aa5d363d71c') in 0.010791 seconds
  Import took 0.014804 seconds .

========================================================================
Received Import Request.
  Time since last request: 359.080503 seconds.
  path: Assets/Sprites/Misc/NES - Super Mario Bros 2 The Lost Levels JPN - World 1-1.png
  artifactKey: Guid(829999b61130d9b4e836efd808af466b) Importer(815301076,1909f56bfc062723c751e8b465ee728b)
Start importing Assets/Sprites/Misc/NES - Super Mario Bros 2 The Lost Levels JPN - World 1-1.png using Guid(829999b61130d9b4e836efd808af466b) Importer(815301076,1909f56bfc062723c751e8b465ee728b)  -> (artifact id: '1e89fe63ce7818b32cd3ac76a6cc2fe5') in 0.024962 seconds
  Import took 0.028229 seconds .

========================================================================
Received Import Request.
  Time since last request: 344.721673 seconds.
  path: Assets/Sprites/Misc/NES - Super Mario Bros 2 The Lost Levels JPN - World 1-1.png
  artifactKey: Guid(829999b61130d9b4e836efd808af466b) Importer(815301076,1909f56bfc062723c751e8b465ee728b)
Start importing Assets/Sprites/Misc/NES - Super Mario Bros 2 The Lost Levels JPN - World 1-1.png using Guid(829999b61130d9b4e836efd808af466b) Importer(815301076,1909f56bfc062723c751e8b465ee728b)  -> (artifact id: 'fc9411ea79cbea9d2887b7bcbce17c0c') in 0.015953 seconds
  Import took 0.019475 seconds .

========================================================================
Received Import Request.
  Time since last request: 43.607899 seconds.
  path: Assets/Sprites/Misc/NES - Super Mario Bros 2 The Lost Levels JPN - World 1-1.png
  artifactKey: Guid(829999b61130d9b4e836efd808af466b) Importer(815301076,1909f56bfc062723c751e8b465ee728b)
Start importing Assets/Sprites/Misc/NES - Super Mario Bros 2 The Lost Levels JPN - World 1-1.png using Guid(829999b61130d9b4e836efd808af466b) Importer(815301076,1909f56bfc062723c751e8b465ee728b)  -> (artifact id: '4480f7709b4b1a6920003738ad881f90') in 0.021115 seconds
  Import took 0.024200 seconds .

========================================================================
Received Import Request.
  Time since last request: 6.819110 seconds.
  path: Assets/Sprites/Misc/NES - Super Mario Bros 2 The Lost Levels JPN - World 1-1.png
  artifactKey: Guid(829999b61130d9b4e836efd808af466b) Importer(815301076,1909f56bfc062723c751e8b465ee728b)
Start importing Assets/Sprites/Misc/NES - Super Mario Bros 2 The Lost Levels JPN - World 1-1.png using Guid(829999b61130d9b4e836efd808af466b) Importer(815301076,1909f56bfc062723c751e8b465ee728b)  -> (artifact id: 'f7ceadd13cf90c8c1c28717fb8708344') in 0.016248 seconds
  Import took 0.019275 seconds .

========================================================================
Received Import Request.
  Time since last request: 14.869447 seconds.
  path: Assets/Sprites/Misc/NES - Super Mario Bros 2 The Lost Levels JPN - World 1-1.png
  artifactKey: Guid(829999b61130d9b4e836efd808af466b) Importer(815301076,1909f56bfc062723c751e8b465ee728b)
Start importing Assets/Sprites/Misc/NES - Super Mario Bros 2 The Lost Levels JPN - World 1-1.png using Guid(829999b61130d9b4e836efd808af466b) Importer(815301076,1909f56bfc062723c751e8b465ee728b)  -> (artifact id: '2e3ab91ed4b2760d23e7e2ecbd193b56') in 0.020814 seconds
  Import took 0.024458 seconds .

========================================================================
Received Import Request.
  Time since last request: 11.913050 seconds.
  path: Assets/Sprites/Misc/NES - Super Mario Bros 2 The Lost Levels JPN - World 1-1.png
  artifactKey: Guid(829999b61130d9b4e836efd808af466b) Importer(815301076,1909f56bfc062723c751e8b465ee728b)
Start importing Assets/Sprites/Misc/NES - Super Mario Bros 2 The Lost Levels JPN - World 1-1.png using Guid(829999b61130d9b4e836efd808af466b) Importer(815301076,1909f56bfc062723c751e8b465ee728b)  -> (artifact id: '5af5900751c7a176feb3e623fa263336') in 0.015710 seconds
  Import took 0.019157 seconds .

========================================================================
Received Import Request.
  Time since last request: 5.939221 seconds.
  path: Assets/Sprites/Misc/NES - Super Mario Bros 2 The Lost Levels JPN - World 1-1.png
  artifactKey: Guid(829999b61130d9b4e836efd808af466b) Importer(815301076,1909f56bfc062723c751e8b465ee728b)
Start importing Assets/Sprites/Misc/NES - Super Mario Bros 2 The Lost Levels JPN - World 1-1.png using Guid(829999b61130d9b4e836efd808af466b) Importer(815301076,1909f56bfc062723c751e8b465ee728b)  -> (artifact id: '16a30702a5c559e7aeade89c5ccc15a4') in 0.022073 seconds
  Import took 0.025358 seconds .

========================================================================
Received Import Request.
  Time since last request: 6.593451 seconds.
  path: Assets/Sprites/Misc/NES - Super Mario Bros 2 The Lost Levels JPN - World 1-1.png
  artifactKey: Guid(829999b61130d9b4e836efd808af466b) Importer(815301076,1909f56bfc062723c751e8b465ee728b)
Start importing Assets/Sprites/Misc/NES - Super Mario Bros 2 The Lost Levels JPN - World 1-1.png using Guid(829999b61130d9b4e836efd808af466b) Importer(815301076,1909f56bfc062723c751e8b465ee728b)  -> (artifact id: 'ee24ec0d4969e2ee9307324610a78587') in 0.015001 seconds
  Import took 0.018307 seconds .

========================================================================
Received Import Request.
  Time since last request: 48.019554 seconds.
  path: Assets/Sprites/Misc/NES - Super Mario Bros 2 The Lost Levels JPN - World 1-1.png
  artifactKey: Guid(829999b61130d9b4e836efd808af466b) Importer(815301076,1909f56bfc062723c751e8b465ee728b)
Start importing Assets/Sprites/Misc/NES - Super Mario Bros 2 The Lost Levels JPN - World 1-1.png using Guid(829999b61130d9b4e836efd808af466b) Importer(815301076,1909f56bfc062723c751e8b465ee728b)  -> (artifact id: '07685622da93ab06a94534f5db12afdd') in 0.016626 seconds
  Import took 0.019655 seconds .

========================================================================
Received Import Request.
  Time since last request: 107.189311 seconds.
  path: Assets/Sprites/Misc/NES - Super Mario Bros 2 The Lost Levels JPN - World 1-1.png
  artifactKey: Guid(829999b61130d9b4e836efd808af466b) Importer(815301076,1909f56bfc062723c751e8b465ee728b)
Start importing Assets/Sprites/Misc/NES - Super Mario Bros 2 The Lost Levels JPN - World 1-1.png using Guid(829999b61130d9b4e836efd808af466b) Importer(815301076,1909f56bfc062723c751e8b465ee728b)  -> (artifact id: '6c830c2dc267d542cd2395d4c3e1063b') in 0.012631 seconds
  Import took 0.016027 seconds .

AssetImportWorkerClient::OnTransportError - code=2 error=End of file
